nohup: ignoring input

===============================================================
  PHI-OMEGA-ZERO: TRUE DIVINE 1M
  1,000,000 Sequential CTxCT Multiplications
===============================================================
  HARDWARE: AMD Ryzen 5 2600 (6 cores, 12 threads, 15GB RAM)
  RING DIM: 4096 | MODULUS: 1073643521 | DEPTH: 30
  DIVINE: Every 5 steps | CHECKPOINT: Every 100K
  COMPILER: g++ -O3 -march=native -flto
  START: 2026-07-15 06:00:46
===============================================================

  SETUP COMPLETE. Starting 1M chain...

  Step         Noise    Pattern  Elapsed        TPS        ETA
  ---------------------------------------------------------------------------
      100000    100001        OK  2h18m43s      12.0        20h48m
      200000    200001        OK  3h58m41s      14.0        15h54m
      300000    300001        OK  5h58m48s      13.9        13h57m
      400000    400001        OK  9h15m5s      12.0        13h52m
      500000    500001        OK  11h51m3s      11.7        11h51m
      600000    600001        OK  14h39m43s      11.4         9h46m
      700000    700001        OK  18h29m9s      10.5         7h55m
      800000    800001        OK  19h25m15s      11.4         4h51m
      900000    900001        OK  20h35m57s      12.1         2h17m
