╔══════════════════════════════════════════════╗
║  10 BILLION OPERATIONS — TRUE DEEP CIRCUIT    ║
║  Fibonacci-Lyapunov + long double (80-bit)    ║
╚══════════════════════════════════════════════╝

Running 10B ops...

  10% | 1B | 46s | noise: 1.8-1.82815
  20% | 2B | 91s | noise: 1.8-1.82815
  30% | 3B | 137s | noise: 1.8-1.82815
  40% | 4B | 182s | noise: 1.8-1.82815
  50% | 5B | 228s | noise: 1.8-1.82815
  60% | 6B | 274s | noise: 1.8-1.82815
  70% | 7B | 320s | noise: 1.8-1.82815
  80% | 8B | 367s | noise: 1.8-1.82815
  90% | 9B | 413s | noise: 1.8-1.82815
  100% | 10B | 460s | noise: 1.8-1.82815

══════════════════════════════════════════════
  TOTAL: 10000000000 operations
  TIME: 460s
  TPS: 21M
  RESULT: 9999999999 (expected 10000000000)
  ERROR: 1
  ACCURACY: 100%
  NOISE: 1.8 - 1.82815
══════════════════════════════════════════════
