\BOOKMARK [1][-]{section.1}{\376\377\000I\000n\000t\000r\000o\000d\000u\000c\000t\000i\000o\000n}{}% 1
\BOOKMARK [2][-]{subsection.1.1}{\376\377\000O\000u\000r\000\040\000C\000o\000n\000t\000r\000i\000b\000u\000t\000i\000o\000n}{section.1}% 2
\BOOKMARK [2][-]{subsection.1.2}{\376\377\000W\000h\000a\000t\000\040\000T\000h\000i\000s\000\040\000P\000a\000p\000e\000r\000\040\000I\000s\000\040\000N\000O\000T}{section.1}% 3
\BOOKMARK [1][-]{section.2}{\376\377\000T\000h\000e\000\040\000-\000E\000x\000t\000e\000n\000s\000i\000o\000n\000\040\000R\000i\000n\000g}{}% 4
\BOOKMARK [2][-]{subsection.2.1}{\376\377\000D\000e\000f\000i\000n\000i\000t\000i\000o\000n\000\040\000a\000n\000d\000\040\000B\000a\000s\000i\000c\000\040\000P\000r\000o\000p\000e\000r\000t\000i\000e\000s}{section.2}% 5
\BOOKMARK [2][-]{subsection.2.2}{\376\377\000Z\000e\000r\000o\000-\000D\000e\000p\000t\000h\000\040\000R\000i\000n\000g\000\040\000O\000p\000e\000r\000a\000t\000i\000o\000n\000s}{section.2}% 6
\BOOKMARK [2][-]{subsection.2.3}{\376\377\000R\000a\000t\000i\000o\000\040\000E\000n\000c\000o\000d\000i\000n\000g}{section.2}% 7
\BOOKMARK [2][-]{subsection.2.4}{\376\377\000T\000h\000e\000\040\000-\000A\000t\000t\000r\000a\000c\000t\000o\000r}{section.2}% 8
\BOOKMARK [1][-]{section.3}{\376\377\000R\000a\000t\000i\000o\000-\000B\000a\000s\000e\000d\000\040\000H\000o\000m\000o\000m\000o\000r\000p\000h\000i\000c\000\040\000O\000p\000e\000r\000a\000t\000i\000o\000n\000s}{}% 9
\BOOKMARK [2][-]{subsection.3.1}{\376\377\000O\000p\000e\000r\000a\000t\000i\000o\000n\000s\000\040\000o\000n\000\040\000R\000a\000t\000i\000o\000-\000E\000n\000c\000o\000d\000e\000d\000\040\000S\000t\000a\000t\000e\000s}{section.3}% 10
\BOOKMARK [2][-]{subsection.3.2}{\376\377\000B\000i\000a\000s\000\040\000C\000o\000r\000r\000e\000c\000t\000i\000o\000n\000\040\000F\000o\000r\000m\000u\000l\000a\000s}{section.3}% 11
\BOOKMARK [3][-]{subsubsection.3.2.1}{\376\377\000P\000u\000r\000e\000\040\000A\000d\000d\000i\000t\000i\000o\000n\000\040\000\050\000N\000\040\000c\000o\000n\000s\000e\000c\000u\000t\000i\000v\000e\000\040\000a\000d\000d\000i\000t\000i\000o\000n\000s\000\051}{subsection.3.2}% 12
\BOOKMARK [3][-]{subsubsection.3.2.2}{\376\377\000P\000u\000r\000e\000\040\000M\000u\000l\000t\000i\000p\000l\000i\000c\000a\000t\000i\000o\000n\000\040\000\050\000t\000w\000o\000\040\000f\000r\000e\000s\000h\000\040\000o\000p\000e\000r\000a\000n\000d\000s\000\051}{subsection.3.2}% 13
\BOOKMARK [3][-]{subsubsection.3.2.3}{\376\377\000M\000u\000l\000t\000i\000p\000l\000y\000-\000t\000h\000e\000n\000-\000A\000d\000d\000\040\000\050\000M\000\040\000m\000u\000l\000t\000i\000p\000l\000i\000c\000a\000t\000i\000o\000n\000s\000,\000\040\000t\000h\000e\000n\000\040\0001\000\040\000a\000d\000d\000i\000t\000i\000o\000n\000\051}{subsection.3.2}% 14
\BOOKMARK [3][-]{subsubsection.3.2.4}{\376\377\000A\000d\000d\000-\000t\000h\000e\000n\000-\000M\000u\000l\000t\000i\000p\000l\000y\000\040\000\050\000N\000\040\000a\000d\000d\000i\000t\000i\000o\000n\000s\000,\000\040\000t\000h\000e\000n\000\040\0001\000\040\000m\000u\000l\000t\000i\000p\000l\000i\000c\000a\000t\000i\000o\000n\000\051}{subsection.3.2}% 15
\BOOKMARK [2][-]{subsection.3.3}{\376\377\000E\000x\000p\000e\000r\000i\000m\000e\000n\000t\000a\000l\000\040\000R\000e\000s\000u\000l\000t\000s}{section.3}% 16
\BOOKMARK [1][-]{section.4}{\376\377\000D\000M\000-\000D\000G\000R\000:\000\040\000A\000\040\000C\000y\000c\000l\000i\000c\000\040\000A\000r\000c\000h\000i\000t\000e\000c\000t\000u\000r\000e\000\040\000w\000i\000t\000h\000\040\000M\000o\000d\000u\000l\000u\000s\000\040\000R\000e\000f\000r\000e\000s\000h}{}% 17
\BOOKMARK [1][-]{section.5}{\376\377\000O\000t\000h\000e\000r\000\040\000A\000p\000p\000l\000i\000c\000a\000t\000i\000o\000n\000s}{}% 18
\BOOKMARK [2][-]{subsection.5.1}{\376\377\000C\000o\000m\000p\000a\000c\000t\000\040\000K\000e\000y\000\040\000E\000n\000c\000a\000p\000s\000u\000l\000a\000t\000i\000o\000n\000\040\000\050\000P\000r\000e\000l\000i\000m\000i\000n\000a\000r\000y\000\051}{section.5}% 19
\BOOKMARK [2][-]{subsection.5.2}{\376\377\000D\000u\000a\000l\000-\000R\000e\000a\000l\000i\000t\000y\000\040\000P\000r\000o\000g\000r\000a\000m\000\040\000E\000n\000c\000o\000d\000i\000n\000g\000\040\000\050\000E\000x\000p\000e\000r\000i\000m\000e\000n\000t\000a\000l\000\051}{section.5}% 20
\BOOKMARK [1][-]{section.6}{\376\377\000L\000i\000m\000i\000t\000a\000t\000i\000o\000n\000s}{}% 21
\BOOKMARK [1][-]{section.7}{\376\377\000C\000o\000n\000c\000l\000u\000s\000i\000o\000n\000\040\000a\000n\000d\000\040\000F\000u\000t\000u\000r\000e\000\040\000W\000o\000r\000k}{}% 22
